[    0.00000 Linux version 4.15.0-96-genericbuldd@lgw01-amd64-004) (gcc version 7.5.0 (Ubuntu 7.5.0-3ubuntu1~18.04)) #97-Ubuntu SMP Wed Apr 1 03:25:46 UTC 2020 (Ubuntu 4.15.0-96.97-generic 4.15.18)
[    0.000000] Command line: BOOT_IMAGE=/boot/vmlinuz-4.15.0-96-generic root=LABEL=cloudimg-rootfs ro console=tty1 console=ttyS0
[    0.000000] KERNEL supported cpus:
[    0.000000]   Intel GenuineIntel
[    0.000000]   AMD AuthenticAMD
[    0.000000]   Centaur CentaurHauls
[    0.000000] x86/fpu: Supporting XSAVE feature 0x001: 'x87 floating point registers'
[    0.000000] x86/fpu: Supporting XSAVE feature 0x002: 'SSE registers'
[    0.000000] x86/fpu: Supporting XSAVE feature 0x004: 'AVX registers'
[    0.000000] x86/fpu: xstate_offset[2]:  576, xstate_sizes[2]:  256
[    0.000000] x86/fpu: Enabled xstate features 0x7, context size is 832 bytes, using 'standard' format.
[    0.000000] e820: BIOS-provided physical RAM map:
[    0.000000] BIOS-e820: [mem 0x0000000000000000-0x000000000009fbff] usable
[    0.000000] BIOS-e820: [mem 0x000000000009fc00-0x000000000009ffff] reserved
[    0.000000] BIOS-e820: [mem 0x00000000000f0000-0x0000000000fffff] reserved
[    0.000000] BIOS-e820: [mem 0x0000000000100000-0x000000003ffeffff] usable
[    0.000000] BIOS-e820: [mem 0x000000003fff0000-0x000000003fffffff] ACPI data
[    0.000000] BIOS-e820: [mem 0x00000000fec00000-0x00000000fec00fff] reserved
[    0.000000] BIOS-e820: [mem 0x00000000fee00000-0x00000000fee00fff] reserved
[    0.000000] BIOS-e820: [mem 0x00000000fffc0000-0x00000000ffffffff] reserved
[    0.000000] NX (Execute Disable) protection: active
[    0.000000] SMBIOS 2.5 present.
[    0.000000] DMI: innotek GmbH VirtualBox/VirtualBox, BIOS VirtualBox 12/01/2006
[    0.000000] Hypervisor detected: KVM
[    0.000000] e820: last_pfn = 0x3fff0 max_arch_pfn = 0x400000000
[    0.000000] MTRR: Disabled
[    0.000000] x86/PATMTRR disabled, skipping PAT initialization too.
[    0.000000] CPU MTRRs all blank - virtualized system.
[    0.000000] x86/PAT: Configuration [0-7]: WB  WT  UC- UC  WB  WT  UC- UC  
[    0.000000] found SMP MP-table at [mem 0x0009fff0-0x0009ffff]
[    0.000000] Scanning 1 areas for low memory corruption
[    0.000000] RAMDISK: [mem 0x35a6f000-0x36d2efff]
[    0.000000] ACPI: Early table checksum verification disabled
[    0.000000] ACPI: RSDP 0x00000000000E0000 000024 (v02 VBOX  )
[    0.000000] ACPI: XSDT 0x000000003FFF0030 00003C (v01 VBOX   VBOXXSDT 00000001 ASL  00000061)
[    0.000000] ACPI: FACP 0x000000003FFF00F0 0000F4 (v04 VBOX   VBOXFACP 00000001 ASL  00000061)
[    0.000000] ACPI: DSDT 0x000000003FFF0470 0021FF (v02 VBOX   VBOXBIOS 00000002 INTL 20180105)
[    0.000000] ACPI: FACS 0x000000003FFF0200 000040
[    0.000000] ACPI: FACS 0x000000003FFF0200 000040
[    0.000000] ACPI: APIC 0x000000003FFF0240 00005C (v02 VBOX   VBOXAPIC 00000001 ASL  00000061)
[    0.000000] ACPI: SSDT 0x000000003FFF02A0 0001CC (v01 VBOX   VBOXCPUT 00000002 INTL 20180105)
[    0.000000] No NUMA configuration found
[    0.000000] Faking a node at [mem 0x0000000000000000-0x000000003ffeffff]
[    0.000000] NODE_DATA(0) allocated [mem 0x3ffc5000-0x3ffeffff]
[    0.000000] kvm-clock: cpu 0, msr 0:3ff44001, primary cpu clock
[    0.000000] kvm-clock: Using msrs 4b564d01 and 4b564d00
[    0.000000] kvm-clock: using sched offset of 4056287592 cycles
[    0.000000] clocksource: kvm-clock: mask: 0xffffffffffffffff max_cycles: 0x1cd42e4dffb, max_idle_ns: 881590591483 ns
[    0.000000] Zone ranges:
[    0.000000]   DMA      [mem 0x0000000000001000-0x0000000000ffffff]
[    0.000000]   DMA32    [mem 0x0000000001000000-0x000000003ffeffff]
[    0.000000]   Normal   empty
[    0.000000]   Device   empty
[    0.000000] Movable zone start for each node
[    0.000000] Early memory node ranges
[    0.000000]   node   0: [mem 0x0000000000001000-0x000000000009efff]
[    0.000000]   node   0: [mem 0x0000000000100000-0x000000003ffeffff]
[    0.000000] Reserved but unavailable: 98 pages
[    0.000000] Initmem setup node 0 [mem 0x0000000000001000-0x000000003ffeffff]
[    0.000000] ACPI: PM-Timer IO Port: 0x4008
[    0.000000] IOAPIC[0]: apic_id 2, version 32, address 0xfec00000, GSI 0-23
[    0.000000] ACPI: INT_SRC_OVR (bus 0 bus_irq 0 global_irq 2 dfl dfl)
[    0.000000] ACPI: INT_SRC_OVR (bus 0 bus_irq 9 global_irq 9 low level)
[    0.000000] Using ACPI (MADT) for SMP configuration information
[    0.000000] smpboot: Allowing 2 CPUs, 0 hotplug CPUs
[    0.000000] PM: Registered nosave memory: [mem 0x00000000-0x00000fff]
[    0.000000] PM: Registered nosave memory: [mem 0x0009f000-0x0009ffff]
[    0.000000] PM: Registered nosave memory: [mem 0x000a0000-0x000effff]
[    0.000000] PM: Registered nosave memory: [mem 0x000f0000-0x000fffff]
[    0.000000] e820: [mem 0x40000000-0xfebfffff] available for PCI devices
[    0.000000] Booting paravirtualized kernel on KVM
[    0.000000] clocksource: refined-jiffies: mask: 0xffffffff max_cycles: 0xffffffff, max_idle_ns: 7645519600211568 ns
[    0.000000] random: get_random_bytes called from start_kernel+0x99/0x4fd with crng_init=0
[    0.000000] setup_percpu: NR_CPUS:8192 nr_cpumask_bits:2 nr_cpu_ids:2 nr_node_ids:1
[    0.000000] percpu: Embedded 45 pages/cpu s147456 r8192 d28672 u1048576
[    0.000000] PV qspinlock hash table entries: 256 (order: 0, 4096 bytes)
[    0.000000] Built 1 zonelists, mobility grouping on.  Total pages: 257913
[    0.000000] Policy zone: DMA32
[    0.000000] Kernel command line: BOOT_IMAGE=/boot/vmlinuz-4.15.0-96-generic root=LABEL=cloudimg-rootfs ro console=tty1 console=ttyS0
[    0.000000] Memory: 983068K/1048120K available (12300K kernel code, 2481K rwdata, 4264K rodata, 2432K init, 2712K bss, 65052K reserved, 0K cma-reserved)
[    0.000000] SLUB: HWalign=64, Order=0-3, MinObjects=0, CPUs=2, Nodes=1
[    0.000000] Kernel/User page tables isolation: enabled
[    0.000000] ftrace: allocating 39351 entries in 154 pages
[    0.004000] Hierarchical RCU implementation.
[    0.004000] 	RCU restricting CPUs from NR_CPUS=8192 to nr_cpu_ids=2.
[    0.004000] 	Tasks RCU enabled.
[    0.004000] RCU: Adjusting geometry for rcu_fanout_leaf=16, nr_cpu_ids=2
[    0.004000] NR_IRQS: 524544, nr_irqs: 440, preallocated irqs: 16
[    0.004000] Console: colour VGA+ 80x25
[    0.004000] console [tty1] enabled
[    0.004000] console [ttyS0] enabled
[    0.004000] ACPI: Core revision 20170831
[    0.004000] ACPI: 2 PI AL tables successfully acquired and loaded
[    0.004000] APIC: Switch to symmetric I/O mode setup
[    0.004000] x2apic enabled
[    0.004000] Switched APIC routing to physical x2apic.
[    0.04000] ..TIMER: vector=0x30 apic1=0 pin1=2 apic2=-1 pin2=-1
[    0.004005] tsc: Detected 1991.998 MHz processor
[    0.004482] Calibrating delay loop (skipped) preset value.. 3983.99 BogoMIPS (lpj=7967992)
[    0.004877] pid_max: default: 32768 minimum: 301
[    0.008038] Security Framework initialized
[    0.012005] Yama: becoming mindful.
[    0.012454] AppArmor: AppArmor initialized
[    0.013451] Dentry cache hash table entries: 131072 (order: 8, 1048576 bytes)
[    0.014210] Inode-cache hash table entries: 65536 (order: 7, 524288 bytes)
[    0.016027] Mount-cache hash table entries: 2048 (order: 2, 16384 bytes)
[    0.020023] Mountpoint-cache hash table entries: 2048 (order: 2, 16384 bytes)
[    0.021033] Last level iTLB entries: 4KB 64, 2MB 8, 4MB 8
[    0.021673] Last level dTLB entries: 4KB 64, 2MB 0, 4MB 0, 1GB 4
[    0.022353] Spectre V1 : Mitigation: usercopy/swapgs barriers and __user pointer sanitization
[    0.023318] Spectre V2 : Mitigation: Full generic retpoline
[    0.024002] Spectre V2 : Spectre v2 / SpectreRSB mitigation: Filling RSB on context switch
[    0.025021] Speculative Store Bypass: Vulnerable
[    0.028037] MDS: Mitigation: Clear CPU buffers
[    0.028755] Freeing SMP alternatives memory: 36K
[    0.143102] smpboot: CPU0: Intel(R) Core(TM) i7-8565U CPU @ 1.80GHz (family: 0x6, model: 0x8e, stepping: 0xc)
[    0.144084] Performance Events: unsupported p6 CPU model 142 no PMU driver, software events only.
[    0.145101] Hierarchical SRCU implementation.
[    0.148520] NMI watchdog: Perf event create on CPU 0 failed with -2
[    0.149230] NMI watchdog: Perf NMI watchdog permanently disabled
[    0.152047] smp: Bringing up secondary CPUs ...
[    0.156091] x86: Booting SMP configuration:
[    0.160005] .... node  #0, CPUs:      #1
[    0.004000] kvm-clock: cpu 1, msr 0:3ff44041, secondary cpu clock
[    0.182864] smp: Brought up 1 node, 2 CPUs
[    0.184005] smpboot: Max logical packages: 1
[    0.184494] smpboot: Total of 2 processors activated (7967.99 BogoMIPS)
[    0.185322] devtmpfs: initialized
[    0.185322] x86/mm: Memory block size: 128MB
[    0.188111] evm: security.selinux
[    0.192004] evm: security.SMACK64
[    0.192436] evm: security.SMACK64EXEC
[    0.196003] evm: security.SMACK64TRANSMUTE
[    0.200002] evm: security.SMACK64MMAP
[    0.200427] evm: security.apparmor
[    0.200860] evm: security.ima
[    0.204001] evm: security.capability
[    0.207247] clocksource: jiffies: mask: 0xffffffff max_cycles: 0xffffffff, max_idle_ns: 7645041785100000 ns
[    0.208011] futex hash table entries: 512 (order: 3, 32768 bytes)
[    0.210342] pinctrl core: initialized pinctrl subsystem
[    0.210992] RTC time: 14:50:15, date: 04/24/20
[    0.212111] NET: Registered protocol family 16
[    0.212698] audit: initializing netlink subsys (disabled)
[    0.215391] audit: type=2000 audit(1587739819.550:1): state=initialized audit_enabled=0 res=1
[    0.216004] cpuidle: using governor ladder
[    0.216483] cpuidle: using governor menu
[    0.216966] ACPI: bus type PCI registered
[    0.217436] acpiphp: ACPI Hot Plug PCI Controller Driver version: 0.5
[    0.218217] PCI: Using configuration type 1 for base access
[    0.220353] HugeTLB registered 2.00 MiB page size, pre-allocated 0 pages
[    0.220759] ACPI: Added _OSI(Module Device)
[    0.220759] ACPI: Added _OSI(Processor Device)
[    0.221041] ACPI: Added _OSI(3.0 _SCP Extensions)
[    0.221589] ACPI: Added _OSI(Processor Aggregator Device)
[    0.224003] ACPI: Added _OSI(Linux-Dell-Video)
[    0.224525] ACPI: Added _OSI(Linux-Lenovo-NV-HDMI-Audio)
[    0.228002] ACPI: Added _OSI(Linux-HPI-Hybrid-Graphics)
[    0.228762] ACPI: Executed 1 blocks of module-level executable AML code
[    0.232505] ACPI: Interpreter enabled
[    0.236025] ACPI: (supports S0 S5)
[    0.236431] ACPI: Using IOAPIC for interrupt routing
[    0.237264] PCI: Using host bridge windows from ACPI; if necessary, use "pci=nocrs" and report a bug
[    0.240121] ACPI: Enabled 2 GPEs in block 00 to 07
[    0.245337] ACPI: PCI Root Bridge [PCI0] (domain 0000 [bus 00-ff])
[    0.248006] acpi PNP0A03:00: _OSC: OS supports [ASPM ClockPM Segments MSI]
[    0.252019] acpi PNP0A03:00: _OSC: not requesting OS control; OS requires [ExtendedConfig ASPM ClockPM MSI]
[    0.253133] acpi PNP0A03:00: fail to add MMCONFIG information, can't access extended PCI configuration space under this bridge.
[    0.256222] PCI host bridge to bus 0000:00
[    0.260003] pci_bus 0000:00: root bus resource [io  0x0000-0x0cf7 window]
[    0.263009] pci_bus 0000:00: root bus resource [io  0x0d00-0xffff window]
[    0.264002] pci_bus 0000:00: root bus resource [mem 0x000a0000-0x000bffff window]
[    0.267741] pci_bus 0000:00: root bus resource [mem 0x40000000-0xfdffffff window]
[    0.268002] pci_bus 0000:00: root bus resource [bus 00-ff]
[    0.269849] pci 0000:00:01.1: legacy IDE quirk: reg 0x10: [io  0x01f0-0x01f7]
[    0.270619] pci 0000:00:01.1: legacy IDE quirk: reg 0x14: [io  0x03f6]
[    0.271366] pci 0000:00:01.1: legacy IDE quirk: reg 0x18: [io  0x0170-0x0177]
[    0.272002] pci 0000:00:01.1: legacy IDE quirk: reg 0x1c: [io  0x0376]
[    0.284982] pci 0000:00:07.0: quirk: [io  0x4000-0x403f] claimed by PIIX4 ACPI
[    0.288016] pci 0000:00:07.0: quirk: [io  0x4100-0x410f] claimed by PIIX4 SMB
[    0.296217] ACPI: PCI Interrupt Link [LNKA] (IRQs 5 9 10 *11)
[    0.300263] ACPI: PCI Interrupt Link [LNKB] (IRQs 5 9 *10 11)
[    0.304103] ACPI: PCI Interrupt Link [LNKC] (IRQs 5 *9 10 11)
[    0.304798] ACPI: PCI Interrupt Link [LNKD] (IRQs 5 9 10 *11)
[    0.305773] SCSI subsystem initialized
[    0.306265] pci 0000:00:02.0: vgaarb: setting as boot VGA device
[    0.306265] pci 0000:00:02.0: vgaarb: VGA device added: decodes=io+mem,owns=io+mem,locks=none
[    0.308008] pci 0000:00:02.0: vgaarb: bridge control possible
[    0.308714] vgaarb: loaded
[    0.309069] ACPI: bus type USB registered
[    0.309545] usbcore: registered new interface driver usbfs
[    0.310153] usbcore: registered new interface driver hub
[    0.310776] usbcore: registered new device driver usb
[    0.312023] EDAC MC: Ver: 3.0.0
[    0.312608] PCI: Using ACPI for IRQ routing
[    0.312768] NetLabel: Initializing
[    0.313240] NetLabel:  domain hash size = 128
[    0.313815] NetLabel:  protocols = UNLABELED CIPSOv4 CALIPSO
[    0.314580] NetLabel:  unlabeled traffic allowed by default
[    0.316081] clocksource: Switched to clocksource kvm-clock
[    0.325294] VFS: Disk quotas dquot_6.6.0
[    0.349657] VFS: Dquot-cache hash table entries: 512 (order 0, 4096 bytes)
[    0.350665] AppArmor: AppArmor Filesystem Enabled
[    0.351337] pnp: PnP ACPI init
[    0.352507] pnp: PnP ACPI: found 3 devices
[  0615]losoceac_pm: mask: 0xffffff max_cycles: 0xffffff, max_idle_s: 2085701024 ns
[    0.695088] NET: Registered protocol family 2

[    0.695830] TCP established hash table entries: 8192 (order: 4, 65536 bytes)
[    0.696745] TCP bind hash table entries: 8192 (order: 5, 131072 bytes)
[    0.698170] TCP: Hash tables configured (established 8192 bind 8192)
[    0.699048] UDP hash table entries: 512 (order: 2, 16384 bytes)
[    0.700705] UDP-Lite hash table entries: 512 (order: 2, 16384 bytes)
[    0.700718] NET: Registered protocol family 1
[    0.703635] pci 0000:00:00.0 Limiting direct PCI/PCI transfers
[    0.724382] pci 0000:00:01.0: Activating ISA DMA hang workarounds
[    0.725210] pci 0000:00:02.0: Video device with shadowed ROM at [mem 0x000c0000-0x000dffff]
[    0.726390] Unpacking initramfs...

[    0.946338] Freeing initrd memory: 19200K
[    0.960977] clocksource: tsc: mask: 0xffffffffffffffff max_cycles: 0x396d4e5fc9d, max_idle_ns: 881590756024 ns
[    0.962244] platform rtc_cmos: registered platform RTC device (no PNP device found)
[    0.963306] Scanning for low memory corruption every 60 seconds
[    0.964636] Initialise system trusted keyrings
[    0.965221] Key type blacklist registered
[    0.965798] workingset: timestamp_bits=36 max_order=18 bucket_order=0
[    0.967333] zbud: loaded
[    0.968113] squashfs: version 4.0 (2009/01/31) Phillip Lougher
[    0.969064] fuse init (API version 7.26)
[    0.971234] Key type asymmetric registered
[    0.971814] Asymmetric key parser 'x509' registered
[    0.972538] Block layer SCSI generic (bsg) driver version 0.4 loaded (major 246)
[    0.973582] io scheduler noop registered
[    0.974097] io scheduler deadline registered
[    0.974668] io scheduler cfq registered (default)
[    0.975547] ACPI: AC Adapter [AC] (on-line)
[    0.976246] input: Power Button as /devices/LNXSYSTM:00/LNXPWRBN:00/input/input0
[    0.977389] ACPI: Power Button [PWRF]
[    0.977959] input: Sleep Button as /devices/LNXSYSTM:00/LNXSLPBN:00/input/input1
[    0.978906] ACPI: Sleep Button [SLPF]
[    0.980257] ACPI: Battery Slot [BAT0] (battery present)
[    0.981023] Serial: 8250/16550 driver, 32 ports, IRQ sharing enabled
[    1.003368] 00:02: ttyS0 at I/O 0x3f8 (irq = 4, base_baud = 115200) is a 16550A
[    1.006365] Linux agpgart interface v0.103
[    1.008045] loop: module loaded
[    1.008891] scsi host0: ata_piix
[    1.009484] scsi host1: ata_piix
[    1.009948] ata1: PATA max UDMA/33 cmd 0x1f0 ctl 0x3f6 bmdma 0xd000 irq 14
[    1.010809] ata2: PATA max UDMA/33 cmd 0x170 ctl 0x376 bmdma 0xd008 irq 15
[    1.011753] libphy: Fixed MDIO Bus: probed
[    1.079702] tun: Universal TUN/TAP device driver, 1.6
[    1.115284] PPP generic driver version 2.4.2
[    1.115956] ehci_hcd: USB 2.0 'Enhanced' Host Controller (EHCI) Driver
[    1.116679] ehci-pci: EHCI PCI platform driver
[    1.181558] ehci-platform: EHCI generic platform driver
[    1.205803] ohci_hcd: USB 1.1 'Open' Host Controller (OHCI) Driver
[    1.362546] ohci-pci: OHCI PCI platform driver
[    1.364640] ohci-platform: OHCI generic platform driver
[    1.365272] uhci_hcd: USB Universal Host Controller Interface driver
[    1.430701] i8042: PNP: PS/2 Controller [PNP0303:PS2K,PNP0f03:PS2M] at 0x60,0x64 irq 1,12
[    1.432019] serio: i8042 KBD port at 0x60,0x64 irq 1
[    1.432599] serio: i8042 AUX port at 0x60,0x64 irq 12
[    1.438596] mousedev: PS/2 mouse device common for all mice
[    1.439860] input: AT Translated Set 2 keyboard as /devices/platform/i8042/serio0/input/input2
[    1.448071] rtc_cmos rtc_cmos: rtc core: registered rtc_cmos as rtc0
[    1.453656] rtc_cmos rtc_cmos: alarms up to one day, 114 bytes nvram
[    1.454405] i2c /dev entries driver
[    1.454919] device-mapper: uevent: version 1.0.3
[    1.455609] device-mapper: ioctl: 4.37.0-ioctl (2017-09-20) initialised: dm-devel@redhat.com
[    1.456707] ledtrig-cpu: registered to indicate activity on CPUs
[    1.458113] NET: Registered protocol family 10
[    1.461229] Segment Routing with IPv6
[    1.461770] NET: Registered protocol family 17
[    1.462474] Key type dns_resolver registered
[    1.463298] mce: Using 0 MCE banks
[    1.463771] RAS: Correctable Errors collector initialized.
[    1.464499] sched_clock: Marking stable (1464486090, 0)->(3183291783, -1718805693)
[    1.471682] registered taskstats version 1
[    1.472267] Loading compiled-in X.509 certificates
[    1.474587] Loaded X.509 cert 'Build time autogenerated kernel key: 244b473b43e18b01f00e37a87f2ecd28620f0244'
[    1.475890] zswap: loaded using pool lzo/zbud
[    1.479476] Key type big_key registered
[    1.480019] Key type trusted registered
[    1.481580] Key type encrypted registered
[    1.482114] AppArmor: AppArmor sha1 policy hashing enabled
[    1.482848] ima: No TPM chip found, activating TPM-bypass! (rc=-19)
[    1.483684] ima: Allocated hash algorithm: sha1
[    1.484308] evm: HMAC attrs: 0x1
[    1.484958]   Magic number: 0:65:840
[    1.485636] rtc_cmos rtc_cmos: setting system clock to 2020-04-24 14:50:17 UTC (1587739817)
[    1.486849] BIOS EDD facility v0.16 2004-Jun-25, 0 devices found
[    1.487657] EDD information not available.
[    1.490378] Freeing unused kernel image memory: 2432K
[    1.507613] Write protecting the kernel read-only data: 20480k
[    1.509005] Freeing unused kernel image memory: 2008K
[    1.510030] Freeing unused kernel image memory: 1880K
[    1.516948] x86/mm: Checked W+X mappings: passed, no W+X pages found.
[    1.517808] x86/mm: Checking user space page tables
[    1.524564] x86/mm: Checked W+X mappings: passed, no W+X pages found.
Loading, please wait...
starting version 237
[    1.572727] e1000: Intel(R) PRO/1000 Network Driver - version 7.3.21-k8-NAPI
[    1.573528] e1000: Copyright (c) 1999-2006 Intel Corporation.
[    1.584058] Fusion MPT base driver 3.04.20
[    1.584681] Copyright (c) 1999-2008 LSI Corporation
[    1.587874] Fusion MPT SPI Host driver 3.04.20
[    1.603611] AVX2 version of gcm_enc/dec engaged.
[    1.604294] AES CTR mode by8 optimization enabled
[    1.797876] input: ImExPS/2 Generic Explorer Mouse as /devices/platform/i8042/serio1/input/input4
[    1.931049] e1000 0000:00:03.0 eth0: (PCI:33MHz:32-bit) 02:cf:14:98:e9:22
[    2.013082] e1000 0000:00:03.0 eth0: Intel(R) PRO/1000 Network Connection
[    2.423776] mptbase: ioc0: Initiating bringup
[    2.664245] ioc0: LSI53C1030 A0: Capabilities={Initiator}
[    3.333638] scsi host2: ioc0: LSI53C1030 A0, FwRev=00000000h, Ports=1, MaxQ=256, IRQ=20
[    3.501070] scsi 2:0:0:0: Direct-Access     VBOX     HARDDISK         1.0  PQ: 0 ANSI: 5
[    3.548199] scsi target2:0:0: Beginning Domain Validation
[    3.620359] scsi target2:0:0: Domain Validation skipping write tests
[    3.662583] scsi target2:0:0: Ending Domain Validation
[    3.663250] scsi target2:0:0: asynchronous
[    3.663987] scsi 2:0:1:0: Direct-Access     VBOX     HARDDISK         1.0  PQ: 0 ANSI: 5
[    3.867485] scsi target2:0:1: Beginning Domain Validation
[    3.893990] random: fast init done
[    3.895055] scsi target2:0:1: Domain Validation skipping write tests
[    3.896558] scsi target2:0:1: Ending Domain Validation
[    3.897828] scsi target2:0:1: asynchronous
[    3.900119] random: systemd-udevd: uninitialized urandom read (16 bytes read)
[    3.900162] e1000 0000:00:08.0 eth1: (PCI:33MHz:32-bit) 08:00:27:78:8a:d7
[    3.901414] random: systemd-udevd: uninitialized urandom read (16 bytes read)
[    3.902731] e1000 0000:00:08.0 eth1: Intel(R) PRO/1000 Network Connection
[    3.903825] random: systemd-udevd: uninitialized urandom read (16 bytes read)
[    3.907162] e1000 0000:00:03.0 enp0s3: renamed from eth0
[    3.908258] sd 2:0:0:0: Attached scsi generic sg0 type 0
[    3.909148] sd 2:0:0:0: [sda] 20971520 512-byte logical blocks: (10.7 GB/10.0 GiB)
[    3.909194] sd 2:0:1:0: Attached scsi generic sg1 type 0
[    3.911182] sd 2:0:0:0: [sda] Write Protect is off
[    3.911518] sd 2:0:1:0: [sdb] 20480 512-byte logical blocks: (10.5 MB/10.0 MiB)
[    3.913038] sd 2:0:1:0: [sdb] Write Protect is off
[    3.913657] sd 2:0:0:0: [sda] Incomplete mode parameter data
[    3.913791] sd 2:0:1:0: [sdb] Incomplete mode parameter data
[    3.914487] sd 2:0:0:0: [sda] Assuming drive cache: write through
[    3.915186] sd 2:0:1:0: [sdb] Assuming drive cache: write through
[    3.933002] e1000 0000:00:08.0 enp0s8: renamed from eth1
[    3.957153]  sda: sda1
[    3.958369] sd 2:0:0:0: [sda] Attached SCSI disk
[    3.973832] sd 2:0:1:0: [sdb] Attached SCSI disk
Begin: Loading essential drivers ... [    5.432304] raid6: sse2x1   gen() 13938 MB/s
[    5.562964] raid6: sse2x1   xor()  8480 MB/s
[    5.662256] raid6: sse2x2   gen() 13683 MB/s
[    5.708168] raid6: sse2x2   xor() 10946 MB/s
[    5.756847] raid6: sse2x4   gen() 16931 MB/s
[    5.804658] raid6: sse2x4   xor() 10058 MB/s
[    5.852808] raid6: avx2x1   gen() 28417 MB/s
[    5.900311] raid6: avx2x1   xor() 15756 MB/s
[    5.962295] raid6: avx2x2   gen() 32794 MB/s
[    6.008706] raid6: avx2x2   xor() 19661 MB/s
[    6.062281] raid6: avx2x4   gen() 40399 MB/s
[    6.128650] raid6: avx2x4   xor() 22511 MB/s
[    6.222718] raid6: using algorithm avx2x4 gen() 40399 MB/s
[    6.352404] raid6: .... xor() 22511 MB/s, rmw enabled
[    6.572754] raid6: using avx2x2 recovery algorithm
[    6.574427] xor: automatically using best checksumming function   avx       
[    6.576320] async_tx: api initialized (async)
done.
Begin: Running /scripts/init-premount ... done.
Begin: Mounting root file system ... Begin: Running /scripts/local-top ... done.
Begin: Running /scripts/local-premount ... [    6.611743] Btrfs loaded, crc32c=crc32c-intel
Scanning for Btrfs filesystems
done.
Warning: fsck not present, so sk[    6.668620] EXT4-fs (sda1): INFO: recovery required on readonly filesystem
ipping root file system
[    7.062905] EXT4-fs (sda1): write access will be enabled during recovery
[    7.760879] EXT4-fs (sda1): orphan cleanup on readonly fs
[    7.792936] EXT4-fs (sda1): 9 orphan inodes deleted
[    7.793705] EXT4-fs (sda1): recovery complete
[    7.799562] EXT4-fs (sda1): mounted filesystem with ordered data mode. Opts: (null)
done.
Begin: Running /scripts/local-bottom ... done.
Begin: Running /scripts/init-bottom ... done.
[    8.488369] random: crng init done
[    8.492712] random: 7 urandom warning(s) missed due to ratelimiting
[    8.788610] ip_tables: (C) 2000-2006 Netfilter Core Team
[    8.871599] systemd[1]: systemd 237 running in system mode. (+PAM +AUDIT +SELINUX +IMA +APPARMOR +SMACK +SYSVINIT +UTMP +LIBCRYPTSETUP +GCRYPT +GNUTLS +ACL +XZ +LZ4 +SECCOMP +BLKID +ELFUTILS +KMOD -IDN2 +IDN -PCRE2 default-hierarchy=hybrid)
[    8.874925] systemd[1]: Detected virtualization oracle.
[    8.974017] systemd[1]: Detected architecture x86-64.

Welcome to [1mUbuntu 18.04.4 LTS[0m!

[    9.006910] systemd[1]: Set hostname to <ubuntu-bionic>.
[   17.744340] systemd[1]: Started Forward Password Requests to Wall Directory Watch.
[[0;32m  OK  [0m] Started Forward Password Requests to Wall Directory Watch.
[   17.989032] systemd[1]: Reached target User and Group Name Lookups.
[[0;32m  OK  [0m] Reached target User and Group Name Lookups.
[   18.033953] systemd[1]: Reached target Swap.
[[0;32m  OK  [0m] Reached target Swap.
[   18.040398] systemd[1]: Created slice System Slice.
[[0;32m  OK  [0m] Created slice System Slice.
[   18.043593] systemd[1]: Created slice system-serial\x2dgetty.slice.
[[0;32m  OK  [0m] Created slice system-serial\x2dgetty.slice.
[   18.047249] systemd[1]: Listening on udev Control Socket.
[[0;32m  OK  [0m] Listening on udev Control Socket.
[   18.049538] systemd[1]: Listening on Journal Audit Socket.
[[0;32m  OK  [0m] Listening on Journal Audit Socket.
[   18.052126] systemd[1]: Listening on Journal Socket (/dev/log).
[[0;32m  OK  [0m] Listening on Journal Socket (/dev/log).
[   18.070049] systemd[1]: Listening on Syslog Socket.
[[0;32m  OK  [0m] Listening on Syslog Socket.
[   18.071436] systemd[1]: Listening on Network Service Netlink Socket.
[[0;32m  OK  [0m] Listening on Network Service Netlink Socket.
[[0;32m  OK  [0m] Listening on Device-mapper event daemon FIFOs.
[[0;32m  OK  [0m] Listening on /dev/initctl Compatibility Named Pipe.
[[0;32m  OK  [0m] Listening on LVM2 poll daemon socket.
[[0;32m  OK  [0m] Created slice User and Session Slice.
[[0;32m  OK  [0m] Reached target Slices.
[[0;32m  OK  [0m] Listening on udev Kernel Socket.
[[0;32m  OK  [0m] Listening on Journal Socket.
         Starting udev Coldplug all Devices...
         Starting Create list of required st…ce nodes for the current kernel...
         Starting Set the console keyboard layout...
         Starting Journal Service...
         Starting Load Kernel Modules...
         Starting Uncomplicated firewall...
         Mounting Kernel Debug File System...
         Mounting POSIX Message Queue File System...
         Starting Remount Root and Kernel File Systems...
         Mounting Huge Pages File System...
[[0;32m  OK  [0m] Set up automount Arbitrary Executab…rmats File System Automount Point.
[[0;32m  OK  [0m] Reached target System Time Synchronized.
[[0;32m  OK  [0m] Listening on LVM2 metadata daemon socket.
         Starting Monitoring of LVM2 mirrors…ng dmeventd or progress polling...
[[0;32m  OK  [0m] Started Create list of required sta…vice nodes for the current kernel.
         Starting Create Static Device Nodes in /dev...
[[0;32m  OK  [0m] Started udev Coldplug all Devices.
[[0;32m  OK  [0m] Started Uncomplicated firewall.
[[0;32m  OK  [0m] Started Journal Service.
[[0;32m  OK  [0m] Mounted POSIX Message Queue File System.
[[0;32m  OK  [0m] Mounted Kernel Debug File System.
[[0;32m  OK  [0m] Mounted Huge Pages File System.
[   21.073033] EXT4-fs (sda1): re-mounted. Opts: (null)
[[0;32m  OK  [0m] Started Remount Root and Kernel File Systems.
         Starting Flush Journal to Persistent Storage...
[   21.358229] Loading iSCSI transport class v2.0-870.
         Starting Load/Save Random Seed...
[   21.540820] systemd-journald[397]: Received request to flush runtime journal from PID 1
[   21.940328] iscsi: registered transport (tcp)
[[0;32m  OK  [0m] Started Load/Save Random Seed.
[[0;32m  OK  [0m] Started Create Static Device Nodes in /dev.
         Starting udev Kernel Device Manager...
[[0;32m  OK  [0m] Started LVM2 metadata daemon.
[   23.661613] iscsi: registered transport (iser)
[[0;32m  OK  [0m] Started Load Kernel Modules.
         Starting Apply Kernel Variables...
         Mounting Kernel Configuration File System...
         Mounting FUSE Control File System...
[[0;32m  OK  [0m] Mounted Kernel Configuration File System.
[[0;32m  OK  [0m] Mounted FUSE Control File System.
[[0;32m  OK  [0m] Started udev Kernel Device Manager.
[[0;32m  OK  [0m] Started Monitoring of LVM2 mirrors,…sing dmeventd or progress polling.
[[0;32m  OK  [0m] Found device /dev/ttyS0.
[[0;32m  OK  [0m] Started Apply Kernel Variables.
[[0;32m  OK  [0m] Listening on Load/Save RF Kill Switch Status /dev/rfkill Watch.
[[0m[0;31m*     [0m] (1 of 2) A start job is running for…ersistent Storage (12s / 1min 33s)[K[[0;32m  OK  [0m] Started Flush Journal to Persistent Storage.
[[0;1;31m*[0m[0;31m*    [0m] A start job is running for Set the …e keyboard layout (17s / no limit)[K[[0;31m*[0;1;31m*[0m[0;31m*   [0m] A start job is running for Set the …e keyboard layout (17s / no limit)[K[ [0;31m*[0;1;31m*[0m[0;31m*  [0m] A start job is running for Set the …e keyboard layout (18s / no limit)[K[  [0;31m*[0;1;31m*[0m[0;31m* [0m] A start job is running for Set the …e keyboard layout (19s / no limit)[K[   [0;31m*[0;1;31m*[0m[0;31m*[0m] A start job is running for Set the …e keyboard layout (19s / no limit)[K[    [0;31m*[0;1;31m*[0m] A start job is running for Set the …e keyboard layout (20s / no limit)[K[     [0;31m*[0m] A start job is running for Set the …e keyboard layout (20s / no limit)[K[    [0;31m*[0;1;31m*[0m] A start job is running for Set the …e keyboard layout (21s / no limit)[K[   [0;31m*[0;1;31m*[0m[0;31m*[0m] A start job is running for Set the …e keyboard layout (22s / no limit)[K[  [0;31m*[0;1;31m*[0m[0;31m* [0m] A start job is running for Set the …e keyboard layout (22s / no limit)[K[ [0;31m*[0;1;31m*[0m[0;31m*  [0m] A start job is running for Set the …e keyboard layout (23s / no limit)[K[[0;32m  OK  [0m] Started Set the console keyboard layout.
[[0;32m  OK  [0m] Started Dispatch Password Requests to Console Directory Watch.
[[0;32m  OK  [0m] Reached target Local Encrypted Volumes.
[[0;32m  OK  [0m] Reached target Local File Systems (Pre).
[[0;32m  OK  [0m] Reached target Local File Systems.
         Starting Tell Plymouth To Write Out Runtime Data...
         Starting ebtables ruleset management...
         Starting Create Volatile Files and Directories...
         Starting Set console font and keymap...
         Starting AppArmor initialization...
[[0;32m  OK  [0m] Started Set console font and keymap.
[[0;32m  OK  [0m] Started Tell Plymouth To Write Out Runtime Data.
[[0;32m  OK  [0m] Started Create Volatile Files and Directories.
         Starting Update UTMP about System Boot/Shutdown...
[[0;32m  OK  [0m] Started Update UTMP about System Boot/Shutdown.
[[0;32m  OK  [0m] Started ebtables ruleset management.
[[0;32m  OK  [0m] Started AppArmor initialization.
         Starting Initial cloud-init job (pre-networking)...
[   79.355169] cloud-init[736]: Cloud-init v. 19.4-33-gbb4131a2-0ubuntu1~18.04.1 running 'init-local' at Fri, 24 Apr 2020 14:51:34 +0000. Up 78.00 seconds.
[[0;32m  OK  [0m] Started Initial cloud-init job (pre-networking).
[[0;32m  OK  [0m] Reached target Network (Pre).
         Starting Network Service...
[[0;32m  OK  [0m] Started Network Service.
         Starting Network Name Resolution...
         Starting Wait for Network to be Configured...
[[0;32m  OK  [0m] Started Network Name Resolution.
[[0;32m  OK  [0m] Reached target Network.
[[0;32m  OK  [0m] Reached target Host and Network Name Lookups.
[[0;32m  OK  [0m] Started Wait for Network to be Configured.
         Starting Initial cloud-init job (metadata service crawler)...
[   81.841743] cloud-init[858]: Cloud-init v. 19.4-33-gbb4131a2-0ubuntu1~18.04.1 running 'init' at Fri, 24 Apr 2020 14:51:37 +0000. Up 81.52 seconds.
[   81.911868] cloud-init[858]: ci-info: ++++++++++++++++++++++++++++++++++++++Net device info+++++++++++++++++++++++++++++++++++++++
[   81.916251] cloud-init[858]: ci-info: +--------+------+-----------------------------+---------------+--------+-------------------+
[   81.919618] cloud-init[858]: ci-info: | Device |  Up  |           Address           |      Mask     | Scope  |     Hw-Address    |
[   81.922413] cloud-init[858]: ci-info: +--------+------+-----------------------------+---------------+--------+-------------------+
[   81.928774] cloud-init[858]: ci-info: | enp0s3 | True |          10.0.2.15          | 255.255.255.0 | global | 02:cf:14:98:e9:22 |
[   81.956726] cloud-init[858]: ci-info: | enp0s3 | True |  fe80::cf:14ff:fe98:e922/64 |       .       |  link  | 02:cf:14:98:e9:22 |
[   81.982777] cloud-init[858]: ci-info: | enp0s8 | True |        192.168.33.11        | 255.255.255.0 | global | 08:00:27:78:8a:d7 |
[   81.984395] cloud-init[858]: ci-info: | enp0s8 | True | fe80::a00:27ff:fe78:8ad7/64 |       .       |  link  | 08:00:27:78:8a:d7 |
[   82.064995] cloud-init[858]: ci-info: |   lo   | True |          127.0.0.1          |   255.0.0.0   |  host  |         .         |
[   82.066882] cloud-init[858]: ci-info: |   lo   | True |           ::1/128           |       .       |  host  |         .         |
[   82.068860] cloud-init[858]: ci-info: +--------+------+-----------------------------+---------------+--------+-------------------+
[   82.070664] cloud-init[858]: ci-info: +++++++++++++++++++++++++++++Route IPv4 info+++++++++++++++++++++++++++++
[   82.072223] cloud-init[858]: ci-info: +-------+--------------+----------+-----------------+-----------+-------+
[   82.073772] cloud-init[858]: ci-info: | Route | Destination  | Gateway  |     Genmask     | Interface | Flags |
[   82.075378] cloud-init[858]: ci-info: +-------+--------------+----------+-----------------+-----------+-------+
[   82.076943] cloud-init[858]: ci-info: |   0   |   0.0.0.0    | 10.0.2.2 |     0.0.0.0     |   enp0s3  |   UG  |
[   82.078475] cloud-init[858]: ci-info: |   1   |   10.0.2.0   | 0.0.0.0  |  255.255.255.0  |   enp0s3  |   U   |
[   82.080037] cloud-init[858]: ci-info: |   2   |   10.0.2.2   | 0.0.0.0  | 255.255.255.255 |   enp0s3  |   UH  |
[   82.081620] cloud-init[858]: ci-info: |   3   | 192.168.33.0 | 0.0.0.0  |  255.255.255.0  |   enp0s8  |   U   |
[   82.083278] cloud-init[858]: ci-info: +-------+--------------+----------+-----------------+-----------+-------+
[   82.084921] cloud-init[858]: ci-info: +++++++++++++++++++Route IPv6 info+++++++++++++++++++
[   82.086224] cloud-init[858]: ci-info: +-------+-------------+---------+-----------+-------+
[   82.087623] cloud-init[858]: ci-info: | Route | Destination | Gateway | Interface | Flags |
[   82.089014] cloud-init[858]: ci-info: +-------+-------------+---------+-----------+-------+
[   82.090298] cloud-init[858]: ci-info: |   1   |  fe80::/64  |    ::   |   enp0s8  |   U   |
[   82.091571] cloud-init[858]: ci-info: |   2   |  fe80::/64  |    ::   |   enp0s3  |   U   |
[   82.136952] cloud-init[858]: ci-info: |   4   |    local    |    ::   |   enp0s3  |   U   |
[   82.156315] cloud-init[858]: ci-info: |   5   |    local    |    ::   |   enp0s8  |   U   |
[   82.164364] cloud-init[858]: ci-info: |   6   |   ff00::/8  |    ::   |   enp0s8  |   U   |
[   82.196824] cloud-init[858]: ci-info: |   7   |   ff00::/8  |    ::   |   enp0s3  |   U   |
[   82.233203] cloud-init[858]: ci-info: +-------+-------------+---------+-----------+-------+
[[0;32m  OK  [0m] Started Initial cloud-init job (metadata service crawler).
[[0;32m  OK  [0m] Reached target Cloud-config availability.
[[0;32m  OK  [0m] Reached target Network is Online.
[[0;32m  OK  [0m] Reached target Remote File Systems (Pre).
[[0;32m  OK  [0m] Reached target Remote File Systems.
         Starting Availability of block devices...
[[0;32m  OK  [0m] Reached target System Initialization.
[[0;32m  OK  [0m] Started Daily apt download activities.
         Starting LXD - unix socket.
         Starting Socket activation for snappy daemon.
[[0;32m  OK  [0m] Listening on D-Bus System Message Bus Socket.
[[0;32m  OK  [0m] Listening on ACPID Listen Socket.
[[0;32m  OK  [0m] Started Message of the Day.
[[0;32m  OK  [0m] Listening on Open-iSCSI iscsid Socket.
[[0;32m  OK  [0m] Started Daily apt upgrade and clean activities.
[[0;32m  OK  [0m] Started Daily Cleanup of Temporary Directories.
[[0;32m  OK  [0m] Started ACPI Events Check.
[[0;32m  OK  [0m] Reached target Paths.
[[0;32m  OK  [0m] Started Clean PHP session files every 30 mins.
[[0;32m  OK  [0m] Started Discard unused blocks once a week.
[[0;32m  OK  [0m] Listening on UUID daemon activation socket.
[[0;32m  OK  [0m] Reached target Timers.
[[0;32m  OK  [0m] Started Availability of block devices.
[[0;32m  OK  [0m] Listening on LXD - unix socket.
[[0;32m  OK  [0m] Listening on Socket activation for snappy daemon.
[[0;32m  OK  [0m] Reached target Sockets.
[[0;32m  OK  [0m] Reached target Basic System.
         Starting Clean php session files...
         Starting The PHP 7.4 FastCGI Process Manager...
         Starting LSB: Record successful boot for GRUB...
         Starting System Logging Service...
         Starting The PHP 7.3 FastCGI Process Manager...
         Starting Permit User Sessions...
         Starting OpenBSD Secure Shell server...
[[0;32m  OK  [0m] Started D-Bus System Message Bus.
         Starting MySQL Community Server...
         Starting Snappy daemon...
         Starting A high performance web server and a reverse proxy server...
         Starting Virtualbox guest utils...
[[0;32m  OK  [0m] Started irqbalance daemon.
         Starting Dispatcher daemon for systemd-networkd...
         Starting Login Service...
         Starting LXD - container startup/shutdown...
         Starting The PHP 7.1 FastCGI Process Manager...
         Starting Accounts Service...
[[0;32m  OK  [0m] Started Deferred execution scheduler.
[[0;32m  OK  [0m] Started FUSE filesystem for LXC.
[[0;32m  OK  [0m] Started Regular background program processing daemon.
         Starting LSB: automatic crash report generation...
[[0;32m  OK  [0m] Started System Logging Service.
[[0;32m  OK  [0m] Started Permit User Sessions.
         Starting Hold until boot process finishes up...
         Starting Terminate Plymouth Boot Screen...
[[0;32m  OK  [0m] Started OpenBSD Secure Shell server.
[[0;32m  OK  [0m] Started Hold until boot process finishes up.
         Starting Set console scheme...
[[0;32m  OK  [0m] Started Serial Getty on ttyS0.
[[0;32m  OK  [0m] Started Terminate Plymouth Boot Screen.
[[0;32m  OK  [0m] Started Login Service.
[[0;32m  OK  [0m] Started Unattended Upgrades Shutdown.
[[0;32m  OK  [0m] Started Set console scheme.
[[0;32m  OK  [0m] Created slice system-getty.slice.
[[0;32m  OK  [0m] Started Getty on tty1.
[[0;32m  OK  [0m] Reached target Login Prompts.
[[0;32m  OK  [0m] Started LSB: automatic crash report generation.
[[0;32m  OK  [0m] Started LSB: Record successful boot for GRUB.
[[0;32m  OK  [0m] Created slice User Slice of vagrant.
         Starting Authorization Manager...
[[0;32m  OK  [0m] Started Virtualbox guest utils.
[[0;32m  OK  [0m] Started Dispatcher daemon for systemd-networkd.

Ubuntu 18.04.4 LTS ubuntu-bionic ttyS0

ubuntu-bionic login: [  104.937741] cloud-init[1997]: Cloud-init v. 19.4-33-gbb4131a2-0ubuntu1~18.04.1 running 'modules:config' at Fri, 24 Apr 2020 14:52:00 +0000. Up 104.16 seconds.
[  112.574676] cloud-init[2439]: Cloud-init v. 19.4-33-gbb4131a2-0ubuntu1~18.04.1 running 'modules:final' at Fri, 24 Apr 2020 14:52:08 +0000. Up 112.32 seconds.
[  112.576910] cloud-init[2439]: Cloud-init v. 19.4-33-gbb4131a2-0ubuntu1~18.04.1 finished at Fri, 24 Apr 2020 14:52:08 +0000. Datasource DataSourceNoCloud [seed=/dev/sdb][dsmode=net].  Up 112.56 seconds
